c:\users\danzeng\source\repos\multitopo\multitopo\x64\release\vc143.pdb
c:\users\danzeng\source\repos\multitopo\multitopo\x64\release\multitopo.obj
c:\users\danzeng\source\repos\multitopo\multitopo\x64\release\util.obj
c:\users\danzeng\source\repos\multitopo\multitopo\x64\release\timer.obj
c:\users\danzeng\source\repos\multitopo\multitopo\x64\release\stats.obj
c:\users\danzeng\source\repos\multitopo\multitopo\x64\release\sol.obj
c:\users\danzeng\source\repos\multitopo\multitopo\x64\release\procstatus.obj
c:\users\danzeng\source\repos\multitopo\multitopo\x64\release\prep.obj
c:\users\danzeng\source\repos\multitopo\multitopo\x64\release\options.obj
c:\users\danzeng\source\repos\multitopo\multitopo\x64\release\inst.obj
c:\users\danzeng\source\repos\multitopo\multitopo\x64\release\heur.obj
c:\users\danzeng\source\repos\multitopo\multitopo\x64\release\cputime.obj
c:\users\danzeng\source\repos\multitopo\multitopo\x64\release\bounds.obj
c:\users\danzeng\source\repos\multitopo\multitopo\x64\release\bbtree.obj
c:\users\danzeng\source\repos\multitopo\multitopo\x64\release\bbnode.obj
c:\users\danzeng\source\repos\multitopo\multitopo.exe
c:\users\danzeng\source\repos\multitopo\multitopo.pdb
c:\users\danzeng\source\repos\multitopo\multitopo\x64\release\multitopo.iobj
c:\users\danzeng\source\repos\multitopo\multitopo\x64\release\multitopo.ipdb
c:\users\danzeng\source\repos\multitopo\\multitopo.pdb
c:\users\danzeng\source\repos\multitopo\multitopo\x64\release\multitopo.tlog\cl.command.1.tlog
c:\users\danzeng\source\repos\multitopo\multitopo\x64\release\multitopo.tlog\cl.read.1.tlog
c:\users\danzeng\source\repos\multitopo\multitopo\x64\release\multitopo.tlog\cl.write.1.tlog
c:\users\danzeng\source\repos\multitopo\multitopo\x64\release\multitopo.tlog\link.command.1.tlog
c:\users\danzeng\source\repos\multitopo\multitopo\x64\release\multitopo.tlog\link.read.1.tlog
c:\users\danzeng\source\repos\multitopo\multitopo\x64\release\multitopo.tlog\link.write.1.tlog
